2025-07-18T13:20:05.234+03:00  INFO 16076 --- [simplerest] [restartedMain] c.p.simplerest.SimplerestApplication     : Starting SimplerestApplication using Java 23 with PID 16076 (C:\Users\Dimbisoa\Documents\GitHub\javangular\target\classes started by Dimbisoa in C:\Users\Dimbisoa\Documents\GitHub\javangular)
2025-07-18T13:20:05.258+03:00  INFO 16076 --- [simplerest] [restartedMain] c.p.simplerest.SimplerestApplication     : No active profile set, falling back to 1 default profile: "default"
2025-07-18T13:20:05.508+03:00  INFO 16076 --- [simplerest] [restartedMain] .e.DevToolsPropertyDefaultsPostProcessor : Devtools property defaults active! Set 'spring.devtools.add-properties' to 'false' to disable
2025-07-18T13:20:05.509+03:00  INFO 16076 --- [simplerest] [restartedMain] .e.DevToolsPropertyDefaultsPostProcessor : For additional web related logging consider setting the 'logging.level.web' property to 'DEBUG'
2025-07-18T13:20:09.040+03:00  INFO 16076 --- [simplerest] [restartedMain] .s.d.r.c.RepositoryConfigurationDelegate : Bootstrapping Spring Data JPA repositories in DEFAULT mode.
2025-07-18T13:20:09.276+03:00  INFO 16076 --- [simplerest] [restartedMain] .s.d.r.c.RepositoryConfigurationDelegate : Finished Spring Data repository scanning in 215 ms. Found 4 JPA repository interfaces.
2025-07-18T13:20:11.465+03:00  INFO 16076 --- [simplerest] [restartedMain] o.s.b.w.embedded.tomcat.TomcatWebServer  : Tomcat initialized with ports 8082 (http), 8080 (http)
2025-07-18T13:20:11.520+03:00  INFO 16076 --- [simplerest] [restartedMain] o.apache.catalina.core.StandardService   : Starting service [Tomcat]
2025-07-18T13:20:11.522+03:00  INFO 16076 --- [simplerest] [restartedMain] o.apache.catalina.core.StandardEngine    : Starting Servlet engine: [Apache Tomcat/10.1.39]
2025-07-18T13:20:11.671+03:00  INFO 16076 --- [simplerest] [restartedMain] o.a.c.c.C.[Tomcat].[localhost].[/]       : Initializing Spring embedded WebApplicationContext
2025-07-18T13:20:11.672+03:00  INFO 16076 --- [simplerest] [restartedMain] w.s.c.ServletWebServerApplicationContext : Root WebApplicationContext: initialization completed in 6160 ms
2025-07-18T13:20:12.706+03:00 DEBUG 16076 --- [simplerest] [restartedMain] org.hibernate.type.BasicTypeRegistry     : Adding type registration boolean -> org.hibernate.type.BasicTypeReference@6281b941
2025-07-18T13:20:12.709+03:00 DEBUG 16076 --- [simplerest] [restartedMain] org.hibernate.type.BasicTypeRegistry     : Adding type registration boolean -> org.hibernate.type.BasicTypeReference@6281b941
2025-07-18T13:20:12.709+03:00 DEBUG 16076 --- [simplerest] [restartedMain] org.hibernate.type.BasicTypeRegistry     : Adding type registration java.lang.Boolean -> org.hibernate.type.BasicTypeReference@6281b941
2025-07-18T13:20:12.710+03:00 DEBUG 16076 --- [simplerest] [restartedMain] org.hibernate.type.BasicTypeRegistry     : Adding type registration numeric_boolean -> org.hibernate.type.BasicTypeReference@11e3ef8b
2025-07-18T13:20:12.710+03:00 DEBUG 16076 --- [simplerest] [restartedMain] org.hibernate.type.BasicTypeRegistry     : Adding type registration org.hibernate.type.NumericBooleanConverter -> org.hibernate.type.BasicTypeReference@11e3ef8b
2025-07-18T13:20:12.710+03:00 DEBUG 16076 --- [simplerest] [restartedMain] org.hibernate.type.BasicTypeRegistry     : Adding type registration true_false -> org.hibernate.type.BasicTypeReference@c5f5fa9
2025-07-18T13:20:12.711+03:00 DEBUG 16076 --- [simplerest] [restartedMain] org.hibernate.type.BasicTypeRegistry     : Adding type registration org.hibernate.type.TrueFalseConverter -> org.hibernate.type.BasicTypeReference@c5f5fa9
2025-07-18T13:20:12.712+03:00 DEBUG 16076 --- [simplerest] [restartedMain] org.hibernate.type.BasicTypeRegistry     : Adding type registration yes_no -> org.hibernate.type.BasicTypeReference@7caea5ce
2025-07-18T13:20:12.713+03:00 DEBUG 16076 --- [simplerest] [restartedMain] org.hibernate.type.BasicTypeRegistry     : Adding type registration org.hibernate.type.YesNoConverter -> org.hibernate.type.BasicTypeReference@7caea5ce
2025-07-18T13:20:12.714+03:00 DEBUG 16076 --- [simplerest] [restartedMain] org.hibernate.type.BasicTypeRegistry     : Adding type registration byte -> org.hibernate.type.BasicTypeReference@117e2a11
2025-07-18T13:20:12.715+03:00 DEBUG 16076 --- [simplerest] [restartedMain] org.hibernate.type.BasicTypeRegistry     : Adding type registration byte -> org.hibernate.type.BasicTypeReference@117e2a11
2025-07-18T13:20:12.716+03:00 DEBUG 16076 --- [simplerest] [restartedMain] org.hibernate.type.BasicTypeRegistry     : Adding type registration java.lang.Byte -> org.hibernate.type.BasicTypeReference@117e2a11
2025-07-18T13:20:12.716+03:00 DEBUG 16076 --- [simplerest] [restartedMain] org.hibernate.type.BasicTypeRegistry     : Adding type registration binary -> org.hibernate.type.BasicTypeReference@1f6f0002
2025-07-18T13:20:12.717+03:00 DEBUG 16076 --- [simplerest] [restartedMain] org.hibernate.type.BasicTypeRegistry     : Adding type registration byte[] -> org.hibernate.type.BasicTypeReference@1f6f0002
2025-07-18T13:20:12.719+03:00 DEBUG 16076 --- [simplerest] [restartedMain] org.hibernate.type.BasicTypeRegistry     : Adding type registration [B -> org.hibernate.type.BasicTypeReference@1f6f0002
2025-07-18T13:20:12.721+03:00 DEBUG 16076 --- [simplerest] [restartedMain] org.hibernate.type.BasicTypeRegistry     : Adding type registration binary_wrapper -> org.hibernate.type.BasicTypeReference@69bba651
2025-07-18T13:20:12.722+03:00 DEBUG 16076 --- [simplerest] [restartedMain] org.hibernate.type.BasicTypeRegistry     : Adding type registration wrapper-binary -> org.hibernate.type.BasicTypeReference@69bba651
2025-07-18T13:20:12.722+03:00 DEBUG 16076 --- [simplerest] [restartedMain] org.hibernate.type.BasicTypeRegistry     : Adding type registration image -> org.hibernate.type.BasicTypeReference@60b2ee7d
2025-07-18T13:20:12.722+03:00 DEBUG 16076 --- [simplerest] [restartedMain] org.hibernate.type.BasicTypeRegistry     : Adding type registration blob -> org.hibernate.type.BasicTypeReference@7c6ed8
2025-07-18T13:20:12.723+03:00 DEBUG 16076 --- [simplerest] [restartedMain] org.hibernate.type.BasicTypeRegistry     : Adding type registration java.sql.Blob -> org.hibernate.type.BasicTypeReference@7c6ed8
2025-07-18T13:20:12.723+03:00 DEBUG 16076 --- [simplerest] [restartedMain] org.hibernate.type.BasicTypeRegistry     : Adding type registration materialized_blob -> org.hibernate.type.BasicTypeReference@67f401c5
2025-07-18T13:20:12.725+03:00 DEBUG 16076 --- [simplerest] [restartedMain] org.hibernate.type.BasicTypeRegistry     : Adding type registration materialized_blob_wrapper -> org.hibernate.type.BasicTypeReference@5349aa44
2025-07-18T13:20:12.727+03:00 DEBUG 16076 --- [simplerest] [restartedMain] org.hibernate.type.BasicTypeRegistry     : Adding type registration short -> org.hibernate.type.BasicTypeReference@247f6756
2025-07-18T13:20:12.729+03:00 DEBUG 16076 --- [simplerest] [restartedMain] org.hibernate.type.BasicTypeRegistry     : Adding type registration short -> org.hibernate.type.BasicTypeReference@247f6756
2025-07-18T13:20:12.729+03:00 DEBUG 16076 --- [simplerest] [restartedMain] org.hibernate.type.BasicTypeRegistry     : Adding type registration java.lang.Short -> org.hibernate.type.BasicTypeReference@247f6756
2025-07-18T13:20:12.729+03:00 DEBUG 16076 --- [simplerest] [restartedMain] org.hibernate.type.BasicTypeRegistry     : Adding type registration integer -> org.hibernate.type.BasicTypeReference@4716d7af
2025-07-18T13:20:12.730+03:00 DEBUG 16076 --- [simplerest] [restartedMain] org.hibernate.type.BasicTypeRegistry     : Adding type registration int -> org.hibernate.type.BasicTypeReference@4716d7af
2025-07-18T13:20:12.730+03:00 DEBUG 16076 --- [simplerest] [restartedMain] org.hibernate.type.BasicTypeRegistry     : Adding type registration java.lang.Integer -> org.hibernate.type.BasicTypeReference@4716d7af
2025-07-18T13:20:12.731+03:00 DEBUG 16076 --- [simplerest] [restartedMain] org.hibernate.type.BasicTypeRegistry     : Adding type registration long -> org.hibernate.type.BasicTypeReference@2b1ca1
2025-07-18T13:20:12.732+03:00 DEBUG 16076 --- [simplerest] [restartedMain] org.hibernate.type.BasicTypeRegistry     : Adding type registration long -> org.hibernate.type.BasicTypeReference@2b1ca1
2025-07-18T13:20:12.734+03:00 DEBUG 16076 --- [simplerest] [restartedMain] org.hibernate.type.BasicTypeRegistry     : Adding type registration java.lang.Long -> org.hibernate.type.BasicTypeReference@2b1ca1
2025-07-18T13:20:12.737+03:00 DEBUG 16076 --- [simplerest] [restartedMain] org.hibernate.type.BasicTypeRegistry     : Adding type registration float -> org.hibernate.type.BasicTypeReference@1e2e8d6a
2025-07-18T13:20:12.741+03:00 DEBUG 16076 --- [simplerest] [restartedMain] org.hibernate.type.BasicTypeRegistry     : Adding type registration float -> org.hibernate.type.BasicTypeReference@1e2e8d6a
2025-07-18T13:20:12.742+03:00 DEBUG 16076 --- [simplerest] [restartedMain] org.hibernate.type.BasicTypeRegistry     : Adding type registration java.lang.Float -> org.hibernate.type.BasicTypeReference@1e2e8d6a
2025-07-18T13:20:12.743+03:00 DEBUG 16076 --- [simplerest] [restartedMain] org.hibernate.type.BasicTypeRegistry     : Adding type registration double -> org.hibernate.type.BasicTypeReference@41341c2e
2025-07-18T13:20:12.743+03:00 DEBUG 16076 --- [simplerest] [restartedMain] org.hibernate.type.BasicTypeRegistry     : Adding type registration double -> org.hibernate.type.BasicTypeReference@41341c2e
2025-07-18T13:20:12.743+03:00 DEBUG 16076 --- [simplerest] [restartedMain] org.hibernate.type.BasicTypeRegistry     : Adding type registration java.lang.Double -> org.hibernate.type.BasicTypeReference@41341c2e
2025-07-18T13:20:12.744+03:00 DEBUG 16076 --- [simplerest] [restartedMain] org.hibernate.type.BasicTypeRegistry     : Adding type registration big_integer -> org.hibernate.type.BasicTypeReference@30ee1008
2025-07-18T13:20:12.744+03:00 DEBUG 16076 --- [simplerest] [restartedMain] org.hibernate.type.BasicTypeRegistry     : Adding type registration java.math.BigInteger -> org.hibernate.type.BasicTypeReference@30ee1008
2025-07-18T13:20:12.745+03:00 DEBUG 16076 --- [simplerest] [restartedMain] org.hibernate.type.BasicTypeRegistry     : Adding type registration big_decimal -> org.hibernate.type.BasicTypeReference@6878cca0
2025-07-18T13:20:12.745+03:00 DEBUG 16076 --- [simplerest] [restartedMain] org.hibernate.type.BasicTypeRegistry     : Adding type registration java.math.BigDecimal -> org.hibernate.type.BasicTypeReference@6878cca0
2025-07-18T13:20:12.745+03:00 DEBUG 16076 --- [simplerest] [restartedMain] org.hibernate.type.BasicTypeRegistry     : Adding type registration character -> org.hibernate.type.BasicTypeReference@2575918
2025-07-18T13:20:12.746+03:00 DEBUG 16076 --- [simplerest] [restartedMain] org.hibernate.type.BasicTypeRegistry     : Adding type registration char -> org.hibernate.type.BasicTypeReference@2575918
2025-07-18T13:20:12.749+03:00 DEBUG 16076 --- [simplerest] [restartedMain] org.hibernate.type.BasicTypeRegistry     : Adding type registration java.lang.Character -> org.hibernate.type.BasicTypeReference@2575918
2025-07-18T13:20:12.750+03:00 DEBUG 16076 --- [simplerest] [restartedMain] org.hibernate.type.BasicTypeRegistry     : Adding type registration character_nchar -> org.hibernate.type.BasicTypeReference@6363e010
2025-07-18T13:20:12.751+03:00 DEBUG 16076 --- [simplerest] [restartedMain] org.hibernate.type.BasicTypeRegistry     : Adding type registration string -> org.hibernate.type.BasicTypeReference@234dc224
2025-07-18T13:20:12.753+03:00 DEBUG 16076 --- [simplerest] [restartedMain] org.hibernate.type.BasicTypeRegistry     : Adding type registration java.lang.String -> org.hibernate.type.BasicTypeReference@234dc224
2025-07-18T13:20:12.754+03:00 DEBUG 16076 --- [simplerest] [restartedMain] org.hibernate.type.BasicTypeRegistry     : Adding type registration nstring -> org.hibernate.type.BasicTypeReference@dfe0721
2025-07-18T13:20:12.755+03:00 DEBUG 16076 --- [simplerest] [restartedMain] org.hibernate.type.BasicTypeRegistry     : Adding type registration characters -> org.hibernate.type.BasicTypeReference@35d9001f
2025-07-18T13:20:12.755+03:00 DEBUG 16076 --- [simplerest] [restartedMain] org.hibernate.type.BasicTypeRegistry     : Adding type registration char[] -> org.hibernate.type.BasicTypeReference@35d9001f
2025-07-18T13:20:12.755+03:00 DEBUG 16076 --- [simplerest] [restartedMain] org.hibernate.type.BasicTypeRegistry     : Adding type registration [C -> org.hibernate.type.BasicTypeReference@35d9001f
2025-07-18T13:20:12.756+03:00 DEBUG 16076 --- [simplerest] [restartedMain] org.hibernate.type.BasicTypeRegistry     : Adding type registration wrapper-characters -> org.hibernate.type.BasicTypeReference@494615d4
2025-07-18T13:20:12.756+03:00 DEBUG 16076 --- [simplerest] [restartedMain] org.hibernate.type.BasicTypeRegistry     : Adding type registration text -> org.hibernate.type.BasicTypeReference@4d7a23a
2025-07-18T13:20:12.759+03:00 DEBUG 16076 --- [simplerest] [restartedMain] org.hibernate.type.BasicTypeRegistry     : Adding type registration ntext -> org.hibernate.type.BasicTypeReference@79ed7a8e
2025-07-18T13:20:12.760+03:00 DEBUG 16076 --- [simplerest] [restartedMain] org.hibernate.type.BasicTypeRegistry     : Adding type registration clob -> org.hibernate.type.BasicTypeReference@4495454
2025-07-18T13:20:12.761+03:00 DEBUG 16076 --- [simplerest] [restartedMain] org.hibernate.type.BasicTypeRegistry     : Adding type registration java.sql.Clob -> org.hibernate.type.BasicTypeReference@4495454
2025-07-18T13:20:12.762+03:00 DEBUG 16076 --- [simplerest] [restartedMain] org.hibernate.type.BasicTypeRegistry     : Adding type registration nclob -> org.hibernate.type.BasicTypeReference@7dd809bc
2025-07-18T13:20:12.762+03:00 DEBUG 16076 --- [simplerest] [restartedMain] org.hibernate.type.BasicTypeRegistry     : Adding type registration java.sql.NClob -> org.hibernate.type.BasicTypeReference@7dd809bc
2025-07-18T13:20:12.763+03:00 DEBUG 16076 --- [simplerest] [restartedMain] org.hibernate.type.BasicTypeRegistry     : Adding type registration materialized_clob -> org.hibernate.type.BasicTypeReference@4427b24f
2025-07-18T13:20:12.763+03:00 DEBUG 16076 --- [simplerest] [restartedMain] org.hibernate.type.BasicTypeRegistry     : Adding type registration materialized_clob_char_array -> org.hibernate.type.BasicTypeReference@560c894f
2025-07-18T13:20:12.763+03:00 DEBUG 16076 --- [simplerest] [restartedMain] org.hibernate.type.BasicTypeRegistry     : Adding type registration materialized_clob_character_array -> org.hibernate.type.BasicTypeReference@18a99c2e
2025-07-18T13:20:12.764+03:00 DEBUG 16076 --- [simplerest] [restartedMain] org.hibernate.type.BasicTypeRegistry     : Adding type registration materialized_nclob -> org.hibernate.type.BasicTypeReference@2581e36e
2025-07-18T13:20:12.765+03:00 DEBUG 16076 --- [simplerest] [restartedMain] org.hibernate.type.BasicTypeRegistry     : Adding type registration materialized_nclob_character_array -> org.hibernate.type.BasicTypeReference@5c4d885b
2025-07-18T13:20:12.766+03:00 DEBUG 16076 --- [simplerest] [restartedMain] org.hibernate.type.BasicTypeRegistry     : Adding type registration materialized_nclob_char_array -> org.hibernate.type.BasicTypeReference@6e39246c
2025-07-18T13:20:12.766+03:00 DEBUG 16076 --- [simplerest] [restartedMain] org.hibernate.type.BasicTypeRegistry     : Adding type registration Duration -> org.hibernate.type.BasicTypeReference@3a259d69
2025-07-18T13:20:12.766+03:00 DEBUG 16076 --- [simplerest] [restartedMain] org.hibernate.type.BasicTypeRegistry     : Adding type registration java.time.Duration -> org.hibernate.type.BasicTypeReference@3a259d69
2025-07-18T13:20:12.769+03:00 DEBUG 16076 --- [simplerest] [restartedMain] org.hibernate.type.BasicTypeRegistry     : Adding type registration LocalDateTime -> org.hibernate.type.BasicTypeReference@101583d0
2025-07-18T13:20:12.770+03:00 DEBUG 16076 --- [simplerest] [restartedMain] org.hibernate.type.BasicTypeRegistry     : Adding type registration java.time.LocalDateTime -> org.hibernate.type.BasicTypeReference@101583d0
2025-07-18T13:20:12.770+03:00 DEBUG 16076 --- [simplerest] [restartedMain] org.hibernate.type.BasicTypeRegistry     : Adding type registration LocalDate -> org.hibernate.type.BasicTypeReference@20aaded9
2025-07-18T13:20:12.771+03:00 DEBUG 16076 --- [simplerest] [restartedMain] org.hibernate.type.BasicTypeRegistry     : Adding type registration java.time.LocalDate -> org.hibernate.type.BasicTypeReference@20aaded9
2025-07-18T13:20:12.772+03:00 DEBUG 16076 --- [simplerest] [restartedMain] org.hibernate.type.BasicTypeRegistry     : Adding type registration LocalTime -> org.hibernate.type.BasicTypeReference@79794e4
2025-07-18T13:20:12.772+03:00 DEBUG 16076 --- [simplerest] [restartedMain] org.hibernate.type.BasicTypeRegistry     : Adding type registration java.time.LocalTime -> org.hibernate.type.BasicTypeReference@79794e4
2025-07-18T13:20:12.772+03:00 DEBUG 16076 --- [simplerest] [restartedMain] org.hibernate.type.BasicTypeRegistry     : Adding type registration OffsetDateTime -> org.hibernate.type.BasicTypeReference@11cf9faa
2025-07-18T13:20:12.772+03:00 DEBUG 16076 --- [simplerest] [restartedMain] org.hibernate.type.BasicTypeRegistry     : Adding type registration java.time.OffsetDateTime -> org.hibernate.type.BasicTypeReference@11cf9faa
2025-07-18T13:20:12.773+03:00 DEBUG 16076 --- [simplerest] [restartedMain] org.hibernate.type.BasicTypeRegistry     : Adding type registration OffsetDateTimeWithTimezone -> org.hibernate.type.BasicTypeReference@2d789540
2025-07-18T13:20:12.774+03:00 DEBUG 16076 --- [simplerest] [restartedMain] org.hibernate.type.BasicTypeRegistry     : Adding type registration OffsetDateTimeWithoutTimezone -> org.hibernate.type.BasicTypeReference@5bd2ca20
2025-07-18T13:20:12.775+03:00 DEBUG 16076 --- [simplerest] [restartedMain] org.hibernate.type.BasicTypeRegistry     : Adding type registration OffsetTime -> org.hibernate.type.BasicTypeReference@60d9450a
2025-07-18T13:20:12.775+03:00 DEBUG 16076 --- [simplerest] [restartedMain] org.hibernate.type.BasicTypeRegistry     : Adding type registration java.time.OffsetTime -> org.hibernate.type.BasicTypeReference@60d9450a
2025-07-18T13:20:12.775+03:00 DEBUG 16076 --- [simplerest] [restartedMain] org.hibernate.type.BasicTypeRegistry     : Adding type registration OffsetTimeUtc -> org.hibernate.type.BasicTypeReference@d86b474
2025-07-18T13:20:12.775+03:00 DEBUG 16076 --- [simplerest] [restartedMain] org.hibernate.type.BasicTypeRegistry     : Adding type registration OffsetTimeWithTimezone -> org.hibernate.type.BasicTypeReference@643df211
2025-07-18T13:20:12.776+03:00 DEBUG 16076 --- [simplerest] [restartedMain] org.hibernate.type.BasicTypeRegistry     : Adding type registration OffsetTimeWithoutTimezone -> org.hibernate.type.BasicTypeReference@2973b77c
2025-07-18T13:20:12.776+03:00 DEBUG 16076 --- [simplerest] [restartedMain] org.hibernate.type.BasicTypeRegistry     : Adding type registration ZonedDateTime -> org.hibernate.type.BasicTypeReference@328464d
2025-07-18T13:20:12.777+03:00 DEBUG 16076 --- [simplerest] [restartedMain] org.hibernate.type.BasicTypeRegistry     : Adding type registration java.time.ZonedDateTime -> org.hibernate.type.BasicTypeReference@328464d
2025-07-18T13:20:12.777+03:00 DEBUG 16076 --- [simplerest] [restartedMain] org.hibernate.type.BasicTypeRegistry     : Adding type registration ZonedDateTimeWithTimezone -> org.hibernate.type.BasicTypeReference@3b357748
2025-07-18T13:20:12.778+03:00 DEBUG 16076 --- [simplerest] [restartedMain] org.hibernate.type.BasicTypeRegistry     : Adding type registration ZonedDateTimeWithoutTimezone -> org.hibernate.type.BasicTypeReference@3013a745
2025-07-18T13:20:12.780+03:00 DEBUG 16076 --- [simplerest] [restartedMain] org.hibernate.type.BasicTypeRegistry     : Adding type registration date -> org.hibernate.type.BasicTypeReference@4ef2e6c
2025-07-18T13:20:12.780+03:00 DEBUG 16076 --- [simplerest] [restartedMain] org.hibernate.type.BasicTypeRegistry     : Adding type registration java.sql.Date -> org.hibernate.type.BasicTypeReference@4ef2e6c
2025-07-18T13:20:12.781+03:00 DEBUG 16076 --- [simplerest] [restartedMain] org.hibernate.type.BasicTypeRegistry     : Adding type registration time -> org.hibernate.type.BasicTypeReference@45b40a92
2025-07-18T13:20:12.782+03:00 DEBUG 16076 --- [simplerest] [restartedMain] org.hibernate.type.BasicTypeRegistry     : Adding type registration java.sql.Time -> org.hibernate.type.BasicTypeReference@45b40a92
2025-07-18T13:20:12.783+03:00 DEBUG 16076 --- [simplerest] [restartedMain] org.hibernate.type.BasicTypeRegistry     : Adding type registration timestamp -> org.hibernate.type.BasicTypeReference@55abaa5b
2025-07-18T13:20:12.783+03:00 DEBUG 16076 --- [simplerest] [restartedMain] org.hibernate.type.BasicTypeRegistry     : Adding type registration java.sql.Timestamp -> org.hibernate.type.BasicTypeReference@55abaa5b
2025-07-18T13:20:12.783+03:00 DEBUG 16076 --- [simplerest] [restartedMain] org.hibernate.type.BasicTypeRegistry     : Adding type registration java.util.Date -> org.hibernate.type.BasicTypeReference@55abaa5b
2025-07-18T13:20:12.784+03:00 DEBUG 16076 --- [simplerest] [restartedMain] org.hibernate.type.BasicTypeRegistry     : Adding type registration calendar -> org.hibernate.type.BasicTypeReference@78af0624
2025-07-18T13:20:12.784+03:00 DEBUG 16076 --- [simplerest] [restartedMain] org.hibernate.type.BasicTypeRegistry     : Adding type registration java.util.Calendar -> org.hibernate.type.BasicTypeReference@78af0624
2025-07-18T13:20:12.785+03:00 DEBUG 16076 --- [simplerest] [restartedMain] org.hibernate.type.BasicTypeRegistry     : Adding type registration java.util.GregorianCalendar -> org.hibernate.type.BasicTypeReference@78af0624
2025-07-18T13:20:12.785+03:00 DEBUG 16076 --- [simplerest] [restartedMain] org.hibernate.type.BasicTypeRegistry     : Adding type registration calendar_date -> org.hibernate.type.BasicTypeReference@5cedb13
2025-07-18T13:20:12.786+03:00 DEBUG 16076 --- [simplerest] [restartedMain] org.hibernate.type.BasicTypeRegistry     : Adding type registration calendar_time -> org.hibernate.type.BasicTypeReference@604bb1a2
2025-07-18T13:20:12.786+03:00 DEBUG 16076 --- [simplerest] [restartedMain] org.hibernate.type.BasicTypeRegistry     : Adding type registration instant -> org.hibernate.type.BasicTypeReference@68ba2682
2025-07-18T13:20:12.786+03:00 DEBUG 16076 --- [simplerest] [restartedMain] org.hibernate.type.BasicTypeRegistry     : Adding type registration java.time.Instant -> org.hibernate.type.BasicTypeReference@68ba2682
2025-07-18T13:20:12.786+03:00 DEBUG 16076 --- [simplerest] [restartedMain] org.hibernate.type.BasicTypeRegistry     : Adding type registration uuid -> org.hibernate.type.BasicTypeReference@68248397
2025-07-18T13:20:12.786+03:00 DEBUG 16076 --- [simplerest] [restartedMain] org.hibernate.type.BasicTypeRegistry     : Adding type registration java.util.UUID -> org.hibernate.type.BasicTypeReference@68248397
2025-07-18T13:20:12.786+03:00 DEBUG 16076 --- [simplerest] [restartedMain] org.hibernate.type.BasicTypeRegistry     : Adding type registration pg-uuid -> org.hibernate.type.BasicTypeReference@68248397
2025-07-18T13:20:12.787+03:00 DEBUG 16076 --- [simplerest] [restartedMain] org.hibernate.type.BasicTypeRegistry     : Adding type registration uuid-binary -> org.hibernate.type.BasicTypeReference@1bc1cbc3
2025-07-18T13:20:12.787+03:00 DEBUG 16076 --- [simplerest] [restartedMain] org.hibernate.type.BasicTypeRegistry     : Adding type registration uuid-char -> org.hibernate.type.BasicTypeReference@26baafb8
2025-07-18T13:20:12.787+03:00 DEBUG 16076 --- [simplerest] [restartedMain] org.hibernate.type.BasicTypeRegistry     : Adding type registration class -> org.hibernate.type.BasicTypeReference@1f0d03db
2025-07-18T13:20:12.787+03:00 DEBUG 16076 --- [simplerest] [restartedMain] org.hibernate.type.BasicTypeRegistry     : Adding type registration java.lang.Class -> org.hibernate.type.BasicTypeReference@1f0d03db
2025-07-18T13:20:12.787+03:00 DEBUG 16076 --- [simplerest] [restartedMain] org.hibernate.type.BasicTypeRegistry     : Adding type registration currency -> org.hibernate.type.BasicTypeReference@53f91396
2025-07-18T13:20:12.787+03:00 DEBUG 16076 --- [simplerest] [restartedMain] org.hibernate.type.BasicTypeRegistry     : Adding type registration Currency -> org.hibernate.type.BasicTypeReference@53f91396
2025-07-18T13:20:12.787+03:00 DEBUG 16076 --- [simplerest] [restartedMain] org.hibernate.type.BasicTypeRegistry     : Adding type registration java.util.Currency -> org.hibernate.type.BasicTypeReference@53f91396
2025-07-18T13:20:12.788+03:00 DEBUG 16076 --- [simplerest] [restartedMain] org.hibernate.type.BasicTypeRegistry     : Adding type registration locale -> org.hibernate.type.BasicTypeReference@467355f9
2025-07-18T13:20:12.788+03:00 DEBUG 16076 --- [simplerest] [restartedMain] org.hibernate.type.BasicTypeRegistry     : Adding type registration java.util.Locale -> org.hibernate.type.BasicTypeReference@467355f9
2025-07-18T13:20:12.788+03:00 DEBUG 16076 --- [simplerest] [restartedMain] org.hibernate.type.BasicTypeRegistry     : Adding type registration serializable -> org.hibernate.type.BasicTypeReference@35c7f5e0
2025-07-18T13:20:12.789+03:00 DEBUG 16076 --- [simplerest] [restartedMain] org.hibernate.type.BasicTypeRegistry     : Adding type registration java.io.Serializable -> org.hibernate.type.BasicTypeReference@35c7f5e0
2025-07-18T13:20:12.789+03:00 DEBUG 16076 --- [simplerest] [restartedMain] org.hibernate.type.BasicTypeRegistry     : Adding type registration timezone -> org.hibernate.type.BasicTypeReference@42233b58
2025-07-18T13:20:12.790+03:00 DEBUG 16076 --- [simplerest] [restartedMain] org.hibernate.type.BasicTypeRegistry     : Adding type registration java.util.TimeZone -> org.hibernate.type.BasicTypeReference@42233b58
2025-07-18T13:20:12.790+03:00 DEBUG 16076 --- [simplerest] [restartedMain] org.hibernate.type.BasicTypeRegistry     : Adding type registration ZoneOffset -> org.hibernate.type.BasicTypeReference@59dde529
2025-07-18T13:20:12.791+03:00 DEBUG 16076 --- [simplerest] [restartedMain] org.hibernate.type.BasicTypeRegistry     : Adding type registration java.time.ZoneOffset -> org.hibernate.type.BasicTypeReference@59dde529
2025-07-18T13:20:12.795+03:00 DEBUG 16076 --- [simplerest] [restartedMain] org.hibernate.type.BasicTypeRegistry     : Adding type registration url -> org.hibernate.type.BasicTypeReference@5ddaf76
2025-07-18T13:20:12.796+03:00 DEBUG 16076 --- [simplerest] [restartedMain] org.hibernate.type.BasicTypeRegistry     : Adding type registration java.net.URL -> org.hibernate.type.BasicTypeReference@5ddaf76
2025-07-18T13:20:12.797+03:00 DEBUG 16076 --- [simplerest] [restartedMain] org.hibernate.type.BasicTypeRegistry     : Adding type registration vector -> org.hibernate.type.BasicTypeReference@fbf22d8
2025-07-18T13:20:12.797+03:00 DEBUG 16076 --- [simplerest] [restartedMain] org.hibernate.type.BasicTypeRegistry     : Adding type registration float_vector -> org.hibernate.type.BasicTypeReference@549d318c
2025-07-18T13:20:12.797+03:00 DEBUG 16076 --- [simplerest] [restartedMain] org.hibernate.type.BasicTypeRegistry     : Adding type registration double_vector -> org.hibernate.type.BasicTypeReference@62df629b
2025-07-18T13:20:12.798+03:00 DEBUG 16076 --- [simplerest] [restartedMain] org.hibernate.type.BasicTypeRegistry     : Adding type registration byte_vector -> org.hibernate.type.BasicTypeReference@a11c7a9
2025-07-18T13:20:12.798+03:00 DEBUG 16076 --- [simplerest] [restartedMain] org.hibernate.type.BasicTypeRegistry     : Adding type registration row_version -> org.hibernate.type.BasicTypeReference@7cce9dd1
2025-07-18T13:20:12.812+03:00 DEBUG 16076 --- [simplerest] [restartedMain] org.hibernate.type.BasicTypeRegistry     : Adding type registration object -> org.hibernate.type.JavaObjectType@661be6f6
2025-07-18T13:20:12.813+03:00 DEBUG 16076 --- [simplerest] [restartedMain] org.hibernate.type.BasicTypeRegistry     : Adding type registration java.lang.Object -> org.hibernate.type.JavaObjectType@661be6f6
2025-07-18T13:20:12.815+03:00 DEBUG 16076 --- [simplerest] [restartedMain] org.hibernate.type.BasicTypeRegistry     : Adding type registration null -> org.hibernate.type.NullType@f6c22f8
2025-07-18T13:20:12.816+03:00 DEBUG 16076 --- [simplerest] [restartedMain] org.hibernate.type.BasicTypeRegistry     : Adding type registration imm_date -> org.hibernate.type.BasicTypeReference@41916f8d
2025-07-18T13:20:12.816+03:00 DEBUG 16076 --- [simplerest] [restartedMain] org.hibernate.type.BasicTypeRegistry     : Adding type registration imm_time -> org.hibernate.type.BasicTypeReference@74018a0a
2025-07-18T13:20:12.816+03:00 DEBUG 16076 --- [simplerest] [restartedMain] org.hibernate.type.BasicTypeRegistry     : Adding type registration imm_timestamp -> org.hibernate.type.BasicTypeReference@1a140d90
2025-07-18T13:20:12.817+03:00 DEBUG 16076 --- [simplerest] [restartedMain] org.hibernate.type.BasicTypeRegistry     : Adding type registration imm_calendar -> org.hibernate.type.BasicTypeReference@50b3f458
2025-07-18T13:20:12.817+03:00 DEBUG 16076 --- [simplerest] [restartedMain] org.hibernate.type.BasicTypeRegistry     : Adding type registration imm_calendar_date -> org.hibernate.type.BasicTypeReference@4e238970
2025-07-18T13:20:12.817+03:00 DEBUG 16076 --- [simplerest] [restartedMain] org.hibernate.type.BasicTypeRegistry     : Adding type registration imm_calendar_time -> org.hibernate.type.BasicTypeReference@368a1b64
2025-07-18T13:20:12.817+03:00 DEBUG 16076 --- [simplerest] [restartedMain] org.hibernate.type.BasicTypeRegistry     : Adding type registration imm_binary -> org.hibernate.type.BasicTypeReference@cc8e8a8
2025-07-18T13:20:12.817+03:00 DEBUG 16076 --- [simplerest] [restartedMain] org.hibernate.type.BasicTypeRegistry     : Adding type registration imm_serializable -> org.hibernate.type.BasicTypeReference@4396cc5d
2025-07-18T13:20:13.459+03:00  INFO 16076 --- [simplerest] [restartedMain] o.s.o.j.p.SpringPersistenceUnitInfo      : No LoadTimeWeaver setup: ignoring JPA class transformer
2025-07-18T13:20:13.537+03:00  INFO 16076 --- [simplerest] [restartedMain] com.zaxxer.hikari.HikariDataSource       : HikariPool-1 - Starting...
2025-07-18T13:20:14.737+03:00  INFO 16076 --- [simplerest] [restartedMain] com.zaxxer.hikari.pool.HikariPool        : HikariPool-1 - Added connection com.mysql.cj.jdbc.ConnectionImpl@3d3ac110
2025-07-18T13:20:14.741+03:00  INFO 16076 --- [simplerest] [restartedMain] com.zaxxer.hikari.HikariDataSource       : HikariPool-1 - Start completed.
2025-07-18T13:20:15.080+03:00 DEBUG 16076 --- [simplerest] [restartedMain] o.h.t.d.sql.spi.DdlTypeRegistry          : addDescriptor(12, org.hibernate.type.descriptor.sql.internal.CapacityDependentDdlType@15aeb6da) replaced previous registration(org.hibernate.type.descriptor.sql.internal.CapacityDependentDdlType@33a8f509)
2025-07-18T13:20:15.080+03:00 DEBUG 16076 --- [simplerest] [restartedMain] o.h.t.d.sql.spi.DdlTypeRegistry          : addDescriptor(-9, org.hibernate.type.descriptor.sql.internal.CapacityDependentDdlType@5edcb421) replaced previous registration(org.hibernate.type.descriptor.sql.internal.CapacityDependentDdlType@1542b94f)
2025-07-18T13:20:15.081+03:00 DEBUG 16076 --- [simplerest] [restartedMain] o.h.t.d.sql.spi.DdlTypeRegistry          : addDescriptor(-3, org.hibernate.type.descriptor.sql.internal.CapacityDependentDdlType@753ad55b) replaced previous registration(org.hibernate.type.descriptor.sql.internal.CapacityDependentDdlType@1ce7648)
2025-07-18T13:20:15.081+03:00 DEBUG 16076 --- [simplerest] [restartedMain] o.h.t.d.sql.spi.DdlTypeRegistry          : addDescriptor(4003, org.hibernate.type.descriptor.sql.internal.DdlTypeImpl@3a88b7ec) replaced previous registration(org.hibernate.type.descriptor.sql.internal.DdlTypeImpl@3a80f933)
2025-07-18T13:20:15.081+03:00 DEBUG 16076 --- [simplerest] [restartedMain] o.h.t.d.sql.spi.DdlTypeRegistry          : addDescriptor(4001, org.hibernate.type.descriptor.sql.internal.DdlTypeImpl@19337335) replaced previous registration(org.hibernate.type.descriptor.sql.internal.DdlTypeImpl@6b3d2a6d)
2025-07-18T13:20:15.086+03:00 DEBUG 16076 --- [simplerest] [restartedMain] o.h.t.d.sql.spi.DdlTypeRegistry          : addDescriptor(4002, org.hibernate.type.descriptor.sql.internal.DdlTypeImpl@1475d731) replaced previous registration(org.hibernate.type.descriptor.sql.internal.DdlTypeImpl@2981eded)
2025-07-18T13:20:15.088+03:00 DEBUG 16076 --- [simplerest] [restartedMain] o.h.t.d.sql.spi.DdlTypeRegistry          : addDescriptor(2004, org.hibernate.type.descriptor.sql.internal.CapacityDependentDdlType@2b299933) replaced previous registration(org.hibernate.type.descriptor.sql.internal.DdlTypeImpl@2945b079)
2025-07-18T13:20:15.090+03:00 DEBUG 16076 --- [simplerest] [restartedMain] o.h.t.d.sql.spi.DdlTypeRegistry          : addDescriptor(2005, org.hibernate.type.descriptor.sql.internal.CapacityDependentDdlType@13b3263f) replaced previous registration(org.hibernate.type.descriptor.sql.internal.DdlTypeImpl@357b4f21)
2025-07-18T13:20:15.091+03:00 DEBUG 16076 --- [simplerest] [restartedMain] o.h.t.d.sql.spi.DdlTypeRegistry          : addDescriptor(2011, org.hibernate.type.descriptor.sql.internal.CapacityDependentDdlType@52fca8bc) replaced previous registration(org.hibernate.type.descriptor.sql.internal.DdlTypeImpl@563e1ce2)
2025-07-18T13:20:15.097+03:00 DEBUG 16076 --- [simplerest] [restartedMain] o.h.t.d.jdbc.spi.JdbcTypeRegistry        : addDescriptor(NCharTypeDescriptor) replaced previous registration(CharTypeDescriptor)
2025-07-18T13:20:15.098+03:00 DEBUG 16076 --- [simplerest] [restartedMain] o.h.t.d.jdbc.spi.JdbcTypeRegistry        : addDescriptor(NVarcharTypeDescriptor) replaced previous registration(VarcharTypeDescriptor)
2025-07-18T13:20:15.100+03:00 DEBUG 16076 --- [simplerest] [restartedMain] o.h.t.d.jdbc.spi.JdbcTypeRegistry        : addDescriptor(LongNVarcharTypeDescriptor) replaced previous registration(LongVarcharTypeDescriptor)
2025-07-18T13:20:15.114+03:00 DEBUG 16076 --- [simplerest] [restartedMain] o.h.t.d.jdbc.spi.JdbcTypeRegistry        : addDescriptor(NClobTypeDescriptor(DEFAULT)) replaced previous registration(ClobTypeDescriptor(DEFAULT))
2025-07-18T13:20:15.124+03:00 DEBUG 16076 --- [simplerest] [restartedMain] org.hibernate.type.BasicTypeRegistry     : Adding type registration null -> org.hibernate.type.NullType@d1bb762
2025-07-18T13:20:15.125+03:00 DEBUG 16076 --- [simplerest] [restartedMain] org.hibernate.type.BasicTypeRegistry     : Type registration key [null] overrode previous entry : `org.hibernate.type.NullType@f6c22f8`
2025-07-18T13:20:15.136+03:00 DEBUG 16076 --- [simplerest] [restartedMain] org.hibernate.type.BasicTypeRegistry     : Adding type registration org.hibernate.type.DurationType -> basicType@1(java.time.Duration,3015)
2025-07-18T13:20:15.137+03:00 DEBUG 16076 --- [simplerest] [restartedMain] org.hibernate.type.BasicTypeRegistry     : Adding type registration Duration -> basicType@1(java.time.Duration,3015)
2025-07-18T13:20:15.139+03:00 DEBUG 16076 --- [simplerest] [restartedMain] org.hibernate.type.BasicTypeRegistry     : Adding type registration java.time.Duration -> basicType@1(java.time.Duration,3015)
2025-07-18T13:20:15.146+03:00 DEBUG 16076 --- [simplerest] [restartedMain] org.hibernate.type.BasicTypeRegistry     : Adding type registration org.hibernate.type.OffsetDateTimeType -> basicType@2(java.time.OffsetDateTime,3003)
2025-07-18T13:20:15.146+03:00 DEBUG 16076 --- [simplerest] [restartedMain] org.hibernate.type.BasicTypeRegistry     : Adding type registration OffsetDateTime -> basicType@2(java.time.OffsetDateTime,3003)
2025-07-18T13:20:15.147+03:00 DEBUG 16076 --- [simplerest] [restartedMain] org.hibernate.type.BasicTypeRegistry     : Adding type registration java.time.OffsetDateTime -> basicType@2(java.time.OffsetDateTime,3003)
2025-07-18T13:20:15.155+03:00 DEBUG 16076 --- [simplerest] [restartedMain] org.hibernate.type.BasicTypeRegistry     : Adding type registration org.hibernate.type.ZonedDateTimeType -> basicType@3(java.time.ZonedDateTime,3003)
2025-07-18T13:20:15.156+03:00 DEBUG 16076 --- [simplerest] [restartedMain] org.hibernate.type.BasicTypeRegistry     : Adding type registration ZonedDateTime -> basicType@3(java.time.ZonedDateTime,3003)
2025-07-18T13:20:15.156+03:00 DEBUG 16076 --- [simplerest] [restartedMain] org.hibernate.type.BasicTypeRegistry     : Adding type registration java.time.ZonedDateTime -> basicType@3(java.time.ZonedDateTime,3003)
2025-07-18T13:20:15.158+03:00 DEBUG 16076 --- [simplerest] [restartedMain] org.hibernate.type.BasicTypeRegistry     : Adding type registration org.hibernate.type.OffsetTimeType -> basicType@4(java.time.OffsetTime,3007)
2025-07-18T13:20:15.158+03:00 DEBUG 16076 --- [simplerest] [restartedMain] org.hibernate.type.BasicTypeRegistry     : Adding type registration OffsetTime -> basicType@4(java.time.OffsetTime,3007)
2025-07-18T13:20:15.159+03:00 DEBUG 16076 --- [simplerest] [restartedMain] org.hibernate.type.BasicTypeRegistry     : Adding type registration java.time.OffsetTime -> basicType@4(java.time.OffsetTime,3007)
2025-07-18T13:20:15.162+03:00 DEBUG 16076 --- [simplerest] [restartedMain] o.h.type.spi.TypeConfiguration$Scope     : Scoping TypeConfiguration [org.hibernate.type.spi.TypeConfiguration@377b2917] to MetadataBuildingContext [org.hibernate.boot.internal.MetadataBuildingContextRootImpl@50301e3c]
2025-07-18T13:20:17.413+03:00 DEBUG 16076 --- [simplerest] [restartedMain] o.h.type.spi.TypeConfiguration$Scope     : Scoping TypeConfiguration [org.hibernate.type.spi.TypeConfiguration@377b2917] to SessionFactoryImplementor [org.hibernate.internal.SessionFactoryImpl@5e342b63]
2025-07-18T13:20:17.704+03:00 TRACE 16076 --- [simplerest] [restartedMain] o.h.type.spi.TypeConfiguration$Scope     : Handling #sessionFactoryCreated from [org.hibernate.internal.SessionFactoryImpl@5e342b63] for TypeConfiguration
2025-07-18T13:20:17.704+03:00  INFO 16076 --- [simplerest] [restartedMain] j.LocalContainerEntityManagerFactoryBean : Initialized JPA EntityManagerFactory for persistence unit 'default'
2025-07-18T13:20:18.546+03:00  INFO 16076 --- [simplerest] [restartedMain] eAuthenticationProviderManagerConfigurer : Global AuthenticationManager configured with AuthenticationProvider bean with name authenticationProvider
2025-07-18T13:20:18.547+03:00  WARN 16076 --- [simplerest] [restartedMain] r$InitializeUserDetailsManagerConfigurer : Global AuthenticationManager configured with an AuthenticationProvider bean. UserDetailsService beans will not be used by Spring Security for automatically configuring username/password login. Consider removing the AuthenticationProvider bean. Alternatively, consider using the UserDetailsService in a manually instantiated DaoAuthenticationProvider. If the current configuration is intentional, to turn off this warning, increase the logging level of 'org.springframework.security.config.annotation.authentication.configuration.InitializeUserDetailsBeanManagerConfigurer' to ERROR
2025-07-18T13:20:18.740+03:00  INFO 16076 --- [simplerest] [restartedMain] o.s.d.j.r.query.QueryEnhancerFactory     : Hibernate is in classpath; If applicable, HQL parser will be used.
2025-07-18T13:20:20.028+03:00  WARN 16076 --- [simplerest] [restartedMain] JpaBaseConfiguration$JpaWebConfiguration : spring.jpa.open-in-view is enabled by default. Therefore, database queries may be performed during view rendering. Explicitly configure spring.jpa.open-in-view to disable this warning
2025-07-18T13:20:21.463+03:00  INFO 16076 --- [simplerest] [restartedMain] o.s.b.d.a.OptionalLiveReloadServer       : LiveReload server is running on port 35729
2025-07-18T13:20:21.579+03:00  INFO 16076 --- [simplerest] [restartedMain] o.s.b.w.embedded.tomcat.TomcatWebServer  : Tomcat started on ports 8082 (http), 8080 (http) with context path '/'
2025-07-18T13:20:21.593+03:00  INFO 16076 --- [simplerest] [restartedMain] c.p.simplerest.SimplerestApplication     : Started SimplerestApplication in 18.379 seconds (process running for 23.108)
2025-07-18T13:20:21.822+03:00 DEBUG 16076 --- [simplerest] [restartedMain] org.hibernate.SQL                        : select u1_0.id,u1_0.email,u1_0.first_name,u1_0.last_name,u1_0.password,u1_0.role,u1_0.name from user u1_0 where u1_0.email=?
2025-07-18T13:20:21.890+03:00 DEBUG 16076 --- [simplerest] [restartedMain] org.hibernate.SQL                        : select r1_0.user_id,r1_1.id,r1_1.name from users_roles r1_0 join role r1_1 on r1_1.id=r1_0.role_id where r1_0.user_id=?
2025-07-18T13:23:39.532+03:00  INFO 16076 --- [simplerest] [http-nio-8082-exec-1] o.a.c.c.C.[Tomcat].[localhost].[/]       : Initializing Spring DispatcherServlet 'dispatcherServlet'
2025-07-18T13:23:39.533+03:00  INFO 16076 --- [simplerest] [http-nio-8082-exec-1] o.s.web.servlet.DispatcherServlet        : Initializing Servlet 'dispatcherServlet'
2025-07-18T13:23:39.538+03:00  INFO 16076 --- [simplerest] [http-nio-8082-exec-1] o.s.web.servlet.DispatcherServlet        : Completed initialization in 5 ms
2025-07-18T13:25:05.624+03:00  WARN 16076 --- [simplerest] [http-nio-8082-exec-5] .m.m.a.ExceptionHandlerExceptionResolver : Resolved [org.springframework.web.servlet.resource.NoResourceFoundException: No static resource v3/api-docs.]
2025-07-18T13:25:45.124+03:00  WARN 16076 --- [simplerest] [http-nio-8082-exec-7] .m.m.a.ExceptionHandlerExceptionResolver : Resolved [org.springframework.web.servlet.resource.NoResourceFoundException: No static resource swagger-ui.html.]
2025-07-18T13:26:28.593+03:00  INFO 16076 --- [simplerest] [SpringApplicationShutdownHook] o.s.b.w.e.tomcat.GracefulShutdown        : Commencing graceful shutdown. Waiting for active requests to complete
2025-07-18T13:26:29.719+03:00  INFO 16076 --- [simplerest] [tomcat-shutdown] o.s.b.w.e.tomcat.GracefulShutdown        : Graceful shutdown complete
2025-07-18T13:26:29.754+03:00  INFO 16076 --- [simplerest] [SpringApplicationShutdownHook] j.LocalContainerEntityManagerFactoryBean : Closing JPA EntityManagerFactory for persistence unit 'default'
2025-07-18T13:26:29.758+03:00 TRACE 16076 --- [simplerest] [SpringApplicationShutdownHook] o.h.type.spi.TypeConfiguration$Scope     : Handling #sessionFactoryClosed from [org.hibernate.internal.SessionFactoryImpl@5e342b63] for TypeConfiguration
2025-07-18T13:26:29.759+03:00 DEBUG 16076 --- [simplerest] [SpringApplicationShutdownHook] o.h.type.spi.TypeConfiguration$Scope     : Un-scoping TypeConfiguration [org.hibernate.type.spi.TypeConfiguration$Scope@64d6029f] from SessionFactory [org.hibernate.internal.SessionFactoryImpl@5e342b63]
2025-07-18T13:26:29.779+03:00  INFO 16076 --- [simplerest] [SpringApplicationShutdownHook] com.zaxxer.hikari.HikariDataSource       : HikariPool-1 - Shutdown initiated...
2025-07-18T13:26:29.836+03:00  INFO 16076 --- [simplerest] [SpringApplicationShutdownHook] com.zaxxer.hikari.HikariDataSource       : HikariPool-1 - Shutdown completed.
